===========================================================================
         ________    _________   _______       __     _________            
        |        |\ |        |\ |       \\    |  |\  /         \\          
        |    ____|| |    ____|| |    __  ||   |__|| |    ___    ||         
        |   |\___\| |   |\___\| |   |\_| ||    \_\| |   //  \   ||         
        |   ||__    |   ||__    |   ||_| ||   |  |\ |  ||    |  ||         
        |       |\  |       |\  |         \\  |  || |  ||    |  ||         
        |    ___||  |    ___||  |    ___   || |  || |  ||    |  ||         
        |   |\__\|  |   |\__\|  |   |\__|  || |  || |  ||    |  ||         
        |   ||      |   ||___   |   ||__|  || |  || |   \\__/   ||         
        |   ||      |        |\ |          || |  || |           ||         
        |___||      |________|| |_________//  |__||  \_________//          
                                                                           
      F I N I T E   E L E M E N T S   F O R   B I O M E C H A N I C S      
                                                                           
  version 4.1.0
  FEBio is a registered trademark.                                         
  copyright (c) 2006-2023 - All rights reserved                            
                                                                           
===========================================================================




 *************************************************************************
 *                               WARNING                                 *
 * Model has 1 unreferenced load controllers.                            *
 *************************************************************************


 FILES USED
===========================================================================
	Input file : solid-shell.feb
	Plot file  : solid-shell.xplt
	Log file   : solid-shell.log


 MESH INFO
===========================================================================
	Number of materials ............................ : 2
	Number of domains .............................. : 2
	Number of nodes ................................ : 2419
	Number of solid elements ....................... : 1000
	Number of shell elements ....................... : 1024


 MODULE
===========================================================================
	Module type ....................................... : solid


 CONTROL DATA
===========================================================================
	analysis .......................................... : STATIC (0)
	time_steps ........................................ : 10
	step_size ......................................... : 0.1
	plot_zero_state ................................... : no (0)
	plot_range ........................................ : 0,-1
	plot_level ........................................ : PLOT_MAJOR_ITRS (1)
	output_level ...................................... : OUTPUT_MAJOR_ITRS (1)
	plot_stride ....................................... : 1
	adaptor_re_solve .................................. : yes (1)
	Auto time stepper activated ....................... : yes
	  max_retries ..................................... : 5
	  opt_iter ........................................ : 11
	  dtmin ........................................... : 0
	  dtmax ........................................... : 0.1
	  aggressiveness .................................. : 0
	  cutback ......................................... : 0.5
	  dtforce ......................................... : no (0)
 SOLVER PARAMETERS
===========================================================================
	symmetric_stiffness ............................... : symmetric (1)
	equation_scheme ................................... : staggered (0)
	equation_order .................................... : default (0)
	optimize_bw ....................................... : no (0)
	lstol ............................................. : 0.9
	lsmin ............................................. : 0.01
	lsiter ............................................ : 5
	max_refs .......................................... : 40
	check_zero_diagonal ............................... : no (0)
	zero_diagonal_tol ................................. : 0
	force_partition ................................... : 0
	reform_each_time_step ............................. : yes (1)
	reform_augment .................................... : no (0)
	diverge_reform .................................... : yes (1)
	min_residual ...................................... : 1e-20
	max_residual ...................................... : 0
	dtol .............................................. : 0.001
	etol .............................................. : 0.01
	rtol .............................................. : 0
	rhoi .............................................. : -2
	alpha ............................................. : 1
	beta .............................................. : 0.25
	gamma ............................................. : 0.5
	logSolve .......................................... : no (0)
	arc_length ........................................ : 0
	arc_length_scale .................................. : 0






 MATERIAL DATA
===========================================================================
  1 - Material1 (type: incomp neo-Hookean)
	density ........................................... : 1
	k ................................................. : 30
	pressure_model .................................... : default (0)
	G ................................................. : 0.03
---------------------------------------------------------------------------
  2 - Material2 (type: isotropic elastic)
	density ........................................... : 1
	E ................................................. : 1e+06
	v ................................................. : 0.3


 BOUNDARY CONDITION DATA
===========================================================================
  1 -  Type: zero displacement
	x_dof ............................................. : yes (1)
	y_dof ............................................. : yes (1)
	z_dof ............................................. : yes (1)
---------------------------------------------------------------------------
  2 -  Type: prescribed shell displacement
	dof ............................................... : 14
	value ............................................. : -1
	relative .......................................... : no (0)
---------------------------------------------------------------------------
  3 -  Type: zero shell displacement
	sx_dof ............................................ : yes (1)
	sy_dof ............................................ : yes (1)
	sz_dof ............................................ : no (0)


 CONTACT INTERFACE DATA
===========================================================================
contact interface 1 - Type: sliding-facet-on-facet
	laugon ............................................ : PENALTY (0)
	penalty ........................................... : 1
	auto_penalty ...................................... : no (0)
	update_penalty .................................... : no (0)
	tolerance ......................................... : 0.01
	two_pass .......................................... : no (0)
	gaptol ............................................ : 0
	minaug ............................................ : 0
	maxaug ............................................ : 10
	smooth_aug ........................................ : no (0)
	search_tol ........................................ : 0.01
	search_radius ..................................... : 0
	seg_up ............................................ : 0
	node_reloc ........................................ : no (0)
	knmult ............................................ : 1


 LOAD CONTROLLER DATA
===========================================================================
load controller   1 - LC1 (type: loadcurve)
	interpolate ....................................... : LINEAR (0)
	extend ............................................ : CONSTANT (0)
	points ............................................ : (can't display value)
---------------------------------------------------------------------------
load controller   2 - LC2 (type: loadcurve)
	interpolate ....................................... : LINEAR (0)
	extend ............................................ : CONSTANT (0)
	points ............................................ : (can't display value)


 OUTPUT DATA
===========================================================================
	plotfile format ........................... : FEBIO
 LINEAR SOLVER DATA
===========================================================================
	Default linear solver ............................. : pardiso


 *************************************************************************
 * Selecting linear solver pardiso                                       *
 *************************************************************************

===== beginning time step 1 : 0.1 =====


Reforming stiffness matrix: reformation #1

===== reforming stiffness matrix:
	Nr of equations ........................... : 10124
	Nr of nonzeroes in stiffness matrix ....... : 323895
 1
 Nonlinear solution status: time= 0.1
	stiffness updates             = 0
	right hand side evaluations   = 2
	stiffness matrix reformations = 1
	step from line search         = 1.000000
	convergence norms :     INITIAL         CURRENT         REQUIRED
	   residual            3.544620e+09    2.408666e+08    0.000000e+00 
	   energy              2.188175e+04    9.078991e+02    2.188175e+02 
	   displacement        2.510304e+02    2.510304e+02    2.510304e-04 
Reforming stiffness matrix: reformation #2

===== reforming stiffness matrix:
	Nr of equations ........................... : 10124
	Nr of nonzeroes in stiffness matrix ....... : 311034
 2

 *************************************************************************
 *                                ERROR                                  *
 * Negative jacobian was detected.                                       *
 *************************************************************************


------- failed to converge at time : 0.1

Retrying time step. Retry attempt 1 of max 5


AUTO STEPPER: retry step, dt = 0.0833333


===== beginning time step 1 : 0.0833333 =====


Reforming stiffness matrix: reformation #1

===== reforming stiffness matrix:
	Nr of equations ........................... : 10124
	Nr of nonzeroes in stiffness matrix ....... : 323895
 1
 Nonlinear solution status: time= 0.0833333
	stiffness updates             = 0
	right hand side evaluations   = 2
	stiffness matrix reformations = 1
	step from line search         = 1.000000
	convergence norms :     INITIAL         CURRENT         REQUIRED
	   residual            2.461542e+09    4.047776e+04    0.000000e+00 
	   energy              1.519566e+04    5.669852e+00    1.519566e+02 
	   displacement        1.826930e+01    1.826930e+01    1.826930e-05 
Reforming stiffness matrix: reformation #2

===== reforming stiffness matrix:
	Nr of equations ........................... : 10124
	Nr of nonzeroes in stiffness matrix ....... : 320061
 2
 Nonlinear solution status: time= 0.0833333
	stiffness updates             = 0
	right hand side evaluations   = 3
	stiffness matrix reformations = 2
	step from line search         = 1.000000
	convergence norms :     INITIAL         CURRENT         REQUIRED
	   residual            2.461542e+09    2.198147e-01    0.000000e+00 
	   energy              1.519566e+04    9.244849e-04    1.519566e+02 
	   displacement        1.826930e+01    9.301790e-02    1.807697e-05 
Reforming stiffness matrix: reformation #3

===== reforming stiffness matrix:
	Nr of equations ........................... : 10124
	Nr of nonzeroes in stiffness matrix ....... : 320898
 3
 Nonlinear solution status: time= 0.0833333
	stiffness updates             = 0
	right hand side evaluations   = 5
	stiffness matrix reformations = 3
	step from line search         = 0.109507
	convergence norms :     INITIAL         CURRENT         REQUIRED
	   residual            2.461542e+09    1.743253e-01    0.000000e+00 
	   energy              1.519566e+04    4.190113e-05    1.519566e+02 
	   displacement        1.826930e+01    1.209277e-02    1.809024e-05 
Reforming stiffness matrix: reformation #4

===== reforming stiffness matrix:
	Nr of equations ........................... : 10124
	Nr of nonzeroes in stiffness matrix ....... : 321456
 4

 *************************************************************************
 *                                ERROR                                  *
 * Negative jacobian was detected.                                       *
 *************************************************************************


------- failed to converge at time : 0.0833333

Retrying time step. Retry attempt 2 of max 5


AUTO STEPPER: retry step, dt = 0.0666667


===== beginning time step 1 : 0.0666667 =====


Reforming stiffness matrix: reformation #1

===== reforming stiffness matrix:
	Nr of equations ........................... : 10124
	Nr of nonzeroes in stiffness matrix ....... : 323895
 1
 Nonlinear solution status: time= 0.0666667
	stiffness updates             = 0
	right hand side evaluations   = 2
	stiffness matrix reformations = 1
	step from line search         = 1.000000
	convergence norms :     INITIAL         CURRENT         REQUIRED
	   residual            1.575387e+09    5.697958e+05    0.000000e+00 
	   energy              9.725222e+03    1.379743e+01    9.725222e+01 
	   displacement        2.183606e+01    2.183606e+01    2.183606e-05 
Reforming stiffness matrix: reformation #2

===== reforming stiffness matrix:
	Nr of equations ........................... : 10124
	Nr of nonzeroes in stiffness matrix ....... : 319296
 2
 Nonlinear solution status: time= 0.0666667
	stiffness updates             = 0
	right hand side evaluations   = 3
	stiffness matrix reformations = 2
	step from line search         = 1.000000
	convergence norms :     INITIAL         CURRENT         REQUIRED
	   residual            1.575387e+09    4.075104e+01    0.000000e+00 
	   energy              9.725222e+03    1.683013e-02    9.725222e+01 
	   displacement        2.183606e+01    5.819555e-02    2.094819e-05 
Reforming stiffness matrix: reformation #3

===== reforming stiffness matrix:
	Nr of equations ........................... : 10124
	Nr of nonzeroes in stiffness matrix ....... : 319962
 3
 Nonlinear solution status: time= 0.0666667
	stiffness updates             = 0
	right hand side evaluations   = 4
	stiffness matrix reformations = 3
	step from line search         = 1.000000
	convergence norms :     INITIAL         CURRENT         REQUIRED
	   residual            1.575387e+09    4.874811e-06    0.000000e+00 
	   energy              9.725222e+03    4.125631e-06    9.725222e+01 
	   displacement        2.183606e+01    1.585978e-02    2.094099e-05 
Reforming stiffness matrix: reformation #4

===== reforming stiffness matrix:
	Nr of equations ........................... : 10124
	Nr of nonzeroes in stiffness matrix ....... : 320277
 4
 Nonlinear solution status: time= 0.0666667
	stiffness updates             = 0
	right hand side evaluations   = 7
	stiffness matrix reformations = 4
	step from line search         = 0.500000
	convergence norms :     INITIAL         CURRENT         REQUIRED
	   residual            1.575387e+09    4.547520e+04    0.000000e+00 
	   energy              9.725222e+03    3.225996e-01    9.725222e+01 
	   displacement        2.183606e+01    3.473882e+00    1.232909e-05 
Reforming stiffness matrix: reformation #5

===== reforming stiffness matrix:
	Nr of equations ........................... : 10124
	Nr of nonzeroes in stiffness matrix ....... : 321762
 5
 Nonlinear solution status: time= 0.0666667
	stiffness updates             = 0
	right hand side evaluations   = 8
	stiffness matrix reformations = 5
	step from line search         = 1.000000
	convergence norms :     INITIAL         CURRENT         REQUIRED
	   residual            1.575387e+09    2.721285e-01    0.000000e+00 
	   energy              9.725222e+03    3.936056e-04    9.725222e+01 
	   displacement        2.183606e+01    5.374045e-03    1.208431e-05 
Reforming stiffness matrix: reformation #6

===== reforming stiffness matrix:
	Nr of equations ........................... : 10124
	Nr of nonzeroes in stiffness matrix ....... : 321555
 6
 Nonlinear solution status: time= 0.0666667
	stiffness updates             = 0
	right hand side evaluations   = 9
	stiffness matrix reformations = 6
	step from line search         = 1.000000
	convergence norms :     INITIAL         CURRENT         REQUIRED
	   residual            1.575387e+09    1.039221e-07    0.000000e+00 
	   energy              9.725222e+03    3.065135e-09    9.725222e+01 
	   displacement        2.183606e+01    1.815831e-05    1.209071e-05 
Reforming stiffness matrix: reformation #7

===== reforming stiffness matrix:
	Nr of equations ........................... : 10124
	Nr of nonzeroes in stiffness matrix ....... : 321600
 7
 Nonlinear solution status: time= 0.0666667
	stiffness updates             = 0
	right hand side evaluations   = 12
	stiffness matrix reformations = 7
	step from line search         = 0.500000
	convergence norms :     INITIAL         CURRENT         REQUIRED
	   residual            1.575387e+09    1.261670e+02    0.000000e+00 
	   energy              9.725222e+03    8.980320e-04    9.725222e+01 
	   displacement        2.183606e+01    1.832140e-01    1.097665e-05 
Reforming stiffness matrix: reformation #8

===== reforming stiffness matrix:
	Nr of equations ........................... : 10124
	Nr of nonzeroes in stiffness matrix ....... : 322824
 8
 Nonlinear solution status: time= 0.0666667
	stiffness updates             = 0
	right hand side evaluations   = 13
	stiffness matrix reformations = 8
	step from line search         = 1.000000
	convergence norms :     INITIAL         CURRENT         REQUIRED
	   residual            1.575387e+09    2.136575e-06    0.000000e+00 
	   energy              9.725222e+03    5.847314e-08    9.725222e+01 
	   displacement        2.183606e+01    3.091107e-04    1.096400e-05 
Reforming stiffness matrix: reformation #9

===== reforming stiffness matrix:
	Nr of equations ........................... : 10124
	Nr of nonzeroes in stiffness matrix ....... : 322788
 9
 Nonlinear solution status: time= 0.0666667
	stiffness updates             = 0
	right hand side evaluations   = 16
	stiffness matrix reformations = 9
	step from line search         = 0.500000
	convergence norms :     INITIAL         CURRENT         REQUIRED
	   residual            1.575387e+09    2.414898e+04    0.000000e+00 
	   energy              9.725222e+03    1.714628e-01    9.725222e+01 
	   displacement        2.183606e+01    2.532272e+00    9.942527e-06 
Reforming stiffness matrix: reformation #10

===== reforming stiffness matrix:
	Nr of equations ........................... : 10124
	Nr of nonzeroes in stiffness matrix ....... : 322725
 10
 Nonlinear solution status: time= 0.0666667
	stiffness updates             = 0
	right hand side evaluations   = 17
	stiffness matrix reformations = 10
	step from line search         = 1.000000
	convergence norms :     INITIAL         CURRENT         REQUIRED
	   residual            1.575387e+09    7.713361e-02    0.000000e+00 
	   energy              9.725222e+03    1.530791e-04    9.725222e+01 
	   displacement        2.183606e+01    3.059932e-03    9.767862e-06 
Reforming stiffness matrix: reformation #11

===== reforming stiffness matrix:
	Nr of equations ........................... : 10124
	Nr of nonzeroes in stiffness matrix ....... : 322743
 11
 Nonlinear solution status: time= 0.0666667
	stiffness updates             = 0
	right hand side evaluations   = 18
	stiffness matrix reformations = 11
	step from line search         = 1.000000
	convergence norms :     INITIAL         CURRENT         REQUIRED
	   residual            1.575387e+09    1.907314e-11    0.000000e+00 
	   energy              9.725222e+03    1.153977e-11    9.725222e+01 
	   displacement        2.183606e+01    2.590652e-07    9.767518e-06 

convergence summary
    number of iterations   : 11
    number of reformations : 11

------- converged at time : 0.0666667


===== beginning time step 2 : 0.133333 =====


Reforming stiffness matrix: reformation #1

===== reforming stiffness matrix:
	Nr of equations ........................... : 10124
	Nr of nonzeroes in stiffness matrix ....... : 322743
 1
 Nonlinear solution status: time= 0.133333
	stiffness updates             = 0
	right hand side evaluations   = 2
	stiffness matrix reformations = 1
	step from line search         = 1.000000
	convergence norms :     INITIAL         CURRENT         REQUIRED
	   residual            1.575179e+09    1.852857e-01    0.000000e+00 
	   energy              9.724312e+03    9.844569e-03    9.724312e+01 
	   displacement        9.857061e+00    9.857061e+00    9.857061e-06 
Reforming stiffness matrix: reformation #2

===== reforming stiffness matrix:
	Nr of equations ........................... : 10124
	Nr of nonzeroes in stiffness matrix ....... : 322041
 2
 Nonlinear solution status: time= 0.133333
	stiffness updates             = 0
	right hand side evaluations   = 4
	stiffness matrix reformations = 2
	step from line search         = 0.063146
	convergence norms :     INITIAL         CURRENT         REQUIRED
	   residual            1.575179e+09    1.625942e-01    0.000000e+00 
	   energy              9.724312e+03    5.700917e-06    9.724312e+01 
	   displacement        9.857061e+00    1.256412e-03    9.867843e-06 
Reforming stiffness matrix: reformation #3

===== reforming stiffness matrix:
	Nr of equations ........................... : 10124
	Nr of nonzeroes in stiffness matrix ....... : 322347
 3

 *************************************************************************
 *                                ERROR                                  *
 * Negative jacobian was detected.                                       *
 *************************************************************************


------- failed to converge at time : 0.133333

Retrying time step. Retry attempt 1 of max 5


AUTO STEPPER: retry step, dt = 0.0555556


===== beginning time step 2 : 0.122222 =====


Reforming stiffness matrix: reformation #1

===== reforming stiffness matrix:
	Nr of equations ........................... : 10124
	Nr of nonzeroes in stiffness matrix ....... : 322743
 1
 Nonlinear solution status: time= 0.122222
	stiffness updates             = 0
	right hand side evaluations   = 2
	stiffness matrix reformations = 1
	step from line search         = 1.000000
	convergence norms :     INITIAL         CURRENT         REQUIRED
	   residual            1.093874e+09    1.169784e-01    0.000000e+00 
	   energy              6.752994e+03    6.571997e-03    6.752994e+01 
	   displacement        6.845668e+00    6.845668e+00    6.845668e-06 
Reforming stiffness matrix: reformation #2

===== reforming stiffness matrix:
	Nr of equations ........................... : 10124
	Nr of nonzeroes in stiffness matrix ....... : 321915
 2

 *************************************************************************
 *                                ERROR                                  *
 * Negative jacobian was detected.                                       *
 *************************************************************************


------- failed to converge at time : 0.122222

Retrying time step. Retry attempt 2 of max 5


AUTO STEPPER: retry step, dt = 0.0444444


===== beginning time step 2 : 0.111111 =====


Reforming stiffness matrix: reformation #1

===== reforming stiffness matrix:
	Nr of equations ........................... : 10124
	Nr of nonzeroes in stiffness matrix ....... : 322743
 1
 Nonlinear solution status: time= 0.111111
	stiffness updates             = 0
	right hand side evaluations   = 2
	stiffness matrix reformations = 1
	step from line search         = 1.000000
	convergence norms :     INITIAL         CURRENT         REQUIRED
	   residual            7.000795e+08    6.959433e-02    0.000000e+00 
	   energy              4.321916e+03    4.087138e-03    4.321916e+01 
	   displacement        4.381752e+00    4.381752e+00    4.381752e-06 
Reforming stiffness matrix: reformation #2

===== reforming stiffness matrix:
	Nr of equations ........................... : 10124
	Nr of nonzeroes in stiffness matrix ....... : 322086
 2
 Nonlinear solution status: time= 0.111111
	stiffness updates             = 0
	right hand side evaluations   = 5
	stiffness matrix reformations = 2
	step from line search         = 0.113097
	convergence norms :     INITIAL         CURRENT         REQUIRED
	   residual            7.000795e+08    5.471725e-02    0.000000e+00 
	   energy              4.321916e+03    2.312678e-06    4.321916e+01 
	   displacement        4.381752e+00    1.411414e-03    4.388640e-06 
Reforming stiffness matrix: reformation #3

===== reforming stiffness matrix:
	Nr of equations ........................... : 10124
	Nr of nonzeroes in stiffness matrix ....... : 322257
 3

 *************************************************************************
 *                                ERROR                                  *
 * Negative jacobian was detected.                                       *
 *************************************************************************


------- failed to converge at time : 0.111111

Retrying time step. Retry attempt 3 of max 5


AUTO STEPPER: retry step, dt = 0.0333333


===== beginning time step 2 : 0.1 =====


Reforming stiffness matrix: reformation #1

===== reforming stiffness matrix:
	Nr of equations ........................... : 10124
	Nr of nonzeroes in stiffness matrix ....... : 322743
 1
 Nonlinear solution status: time= 0.1
	stiffness updates             = 0
	right hand side evaluations   = 2
	stiffness matrix reformations = 1
	step from line search         = 1.000000
	convergence norms :     INITIAL         CURRENT         REQUIRED
	   residual            3.937947e+08    3.832525e-02    0.000000e+00 
	   energy              2.431078e+03    2.291218e-03    2.431078e+01 
	   displacement        2.465313e+00    2.465313e+00    2.465313e-06 
Reforming stiffness matrix: reformation #2

===== reforming stiffness matrix:
	Nr of equations ........................... : 10124
	Nr of nonzeroes in stiffness matrix ....... : 322302
 2
 Nonlinear solution status: time= 0.1
	stiffness updates             = 0
	right hand side evaluations   = 3
	stiffness matrix reformations = 2
	step from line search         = 1.000000
	convergence norms :     INITIAL         CURRENT         REQUIRED
	   residual            3.937947e+08    3.323163e-06    0.000000e+00 
	   energy              2.431078e+03    4.733855e-06    2.431078e+01 
	   displacement        2.465313e+00    2.732352e-03    2.485592e-06 
Reforming stiffness matrix: reformation #3

===== reforming stiffness matrix:
	Nr of equations ........................... : 10124
	Nr of nonzeroes in stiffness matrix ....... : 322995
 3
 Nonlinear solution status: time= 0.1
	stiffness updates             = 0
	right hand side evaluations   = 5
	stiffness matrix reformations = 3
	step from line search         = 0.431025
	convergence norms :     INITIAL         CURRENT         REQUIRED
	   residual            3.937947e+08    2.006970e-05    0.000000e+00 
	   energy              2.431078e+03    2.076169e-07    2.431078e+01 
	   displacement        2.465313e+00    2.261309e-04    2.485703e-06 
Reforming stiffness matrix: reformation #4

===== reforming stiffness matrix:
	Nr of equations ........................... : 10124
	Nr of nonzeroes in stiffness matrix ....... : 322815
 4
 Nonlinear solution status: time= 0.1
	stiffness updates             = 0
	right hand side evaluations   = 6
	stiffness matrix reformations = 4
	step from line search         = 1.000000
	convergence norms :     INITIAL         CURRENT         REQUIRED
	   residual            3.937947e+08    2.831955e-02    0.000000e+00 
	   energy              2.431078e+03    2.405753e-07    2.431078e+01 
	   displacement        2.465313e+00    3.880140e-03    2.483672e-06 
Reforming stiffness matrix: reformation #5

===== reforming stiffness matrix:
	Nr of equations ........................... : 10124
	Nr of nonzeroes in stiffness matrix ....... : 322293
 5
 Nonlinear solution status: time= 0.1
	stiffness updates             = 0
	right hand side evaluations   = 7
	stiffness matrix reformations = 5
	step from line search         = 1.000000
	convergence norms :     INITIAL         CURRENT         REQUIRED
	   residual            3.937947e+08    5.889844e-06    0.000000e+00 
	   energy              2.431078e+03    4.273987e-08    2.431078e+01 
	   displacement        2.465313e+00    8.234919e-04    2.483023e-06 
Reforming stiffness matrix: reformation #6

===== reforming stiffness matrix:
	Nr of equations ........................... : 10124
	Nr of nonzeroes in stiffness matrix ....... : 322518
 6
 Nonlinear solution status: time= 0.1
	stiffness updates             = 0
	right hand side evaluations   = 8
	stiffness matrix reformations = 6
	step from line search         = 1.000000
	convergence norms :     INITIAL         CURRENT         REQUIRED
	   residual            3.937947e+08    2.727579e-03    0.000000e+00 
	   energy              2.431078e+03    3.253142e-08    2.431078e+01 
	   displacement        2.465313e+00    1.309668e-03    2.483475e-06 
Reforming stiffness matrix: reformation #7

===== reforming stiffness matrix:
	Nr of equations ........................... : 10124
	Nr of nonzeroes in stiffness matrix ....... : 322428
 7
 Nonlinear solution status: time= 0.1
	stiffness updates             = 0
	right hand side evaluations   = 9
	stiffness matrix reformations = 7
	step from line search         = 1.000000
	convergence norms :     INITIAL         CURRENT         REQUIRED
	   residual            3.937947e+08    3.501702e-07    0.000000e+00 
	   energy              2.431078e+03    1.406813e-08    2.431078e+01 
	   displacement        2.465313e+00    1.930658e-05    2.483585e-06 
Reforming stiffness matrix: reformation #8

===== reforming stiffness matrix:
	Nr of equations ........................... : 10124
	Nr of nonzeroes in stiffness matrix ....... : 322446
 8
 Nonlinear solution status: time= 0.1
	stiffness updates             = 0
	right hand side evaluations   = 11
	stiffness matrix reformations = 8
	step from line search         = 0.546711
	convergence norms :     INITIAL         CURRENT         REQUIRED
	   residual            3.937947e+08    1.885826e-05    0.000000e+00 
	   energy              2.431078e+03    4.833662e-09    2.431078e+01 
	   displacement        2.465313e+00    7.060621e-05    2.483308e-06 
Reforming stiffness matrix: reformation #9

===== reforming stiffness matrix:
	Nr of equations ........................... : 10124
	Nr of nonzeroes in stiffness matrix ....... : 322428
 9
 Nonlinear solution status: time= 0.1
	stiffness updates             = 0
	right hand side evaluations   = 13
	stiffness matrix reformations = 9
	step from line search         = 0.103710
	convergence norms :     INITIAL         CURRENT         REQUIRED
	   residual            3.937947e+08    2.956016e-05    0.000000e+00 
	   energy              2.431078e+03    1.468799e-10    2.431078e+01 
	   displacement        2.465313e+00    2.529268e-05    2.483208e-06 
Reforming stiffness matrix: reformation #10

===== reforming stiffness matrix:
	Nr of equations ........................... : 10124
	Nr of nonzeroes in stiffness matrix ....... : 322428
 10
 Nonlinear solution status: time= 0.1
	stiffness updates             = 0
	right hand side evaluations   = 16
	stiffness matrix reformations = 10
	step from line search         = 0.500000
	convergence norms :     INITIAL         CURRENT         REQUIRED
	   residual            3.937947e+08    4.270812e-01    0.000000e+00 
	   energy              2.431078e+03    3.074418e-06    2.431078e+01 
	   displacement        2.465313e+00    1.064231e-02    2.492225e-06 
Reforming stiffness matrix: reformation #11

===== reforming stiffness matrix:
	Nr of equations ........................... : 10124
	Nr of nonzeroes in stiffness matrix ....... : 322068
 11
 Nonlinear solution status: time= 0.1
	stiffness updates             = 0
	right hand side evaluations   = 17
	stiffness matrix reformations = 11
	step from line search         = 1.000000
	convergence norms :     INITIAL         CURRENT         REQUIRED
	   residual            3.937947e+08    4.974442e-08    0.000000e+00 
	   energy              2.431078e+03    4.271257e-08    2.431078e+01 
	   displacement        2.465313e+00    1.193655e-03    2.491309e-06 
Reforming stiffness matrix: reformation #12

===== reforming stiffness matrix:
	Nr of equations ........................... : 10124
	Nr of nonzeroes in stiffness matrix ....... : 322275
 12
 Nonlinear solution status: time= 0.1
	stiffness updates             = 0
	right hand side evaluations   = 20
	stiffness matrix reformations = 12
	step from line search         = 0.362721
	convergence norms :     INITIAL         CURRENT         REQUIRED
	   residual            3.937947e+08    2.979818e-05    0.000000e+00 
	   energy              2.431078e+03    4.010478e-09    2.431078e+01 
	   displacement        2.465313e+00    1.532849e-04    2.492909e-06 
Reforming stiffness matrix: reformation #13

===== reforming stiffness matrix:
	Nr of equations ........................... : 10124
	Nr of nonzeroes in stiffness matrix ....... : 322068
 13
 Nonlinear solution status: time= 0.1
	stiffness updates             = 0
	right hand side evaluations   = 23
	stiffness matrix reformations = 13
	step from line search         = 0.500000
	convergence norms :     INITIAL         CURRENT         REQUIRED
	   residual            3.937947e+08    1.773254e+02    0.000000e+00 
	   energy              2.431078e+03    1.261398e-03    2.431078e+01 
	   displacement        2.465313e+00    2.179475e-01    2.802355e-06 
Reforming stiffness matrix: reformation #14

===== reforming stiffness matrix:
	Nr of equations ........................... : 10124
	Nr of nonzeroes in stiffness matrix ....... : 321978
 14
 Nonlinear solution status: time= 0.1
	stiffness updates             = 0
	right hand side evaluations   = 24
	stiffness matrix reformations = 14
	step from line search         = 1.000000
	convergence norms :     INITIAL         CURRENT         REQUIRED
	   residual            3.937947e+08    4.213728e-06    0.000000e+00 
	   energy              2.431078e+03    7.529424e-08    2.431078e+01 
	   displacement        2.465313e+00    1.560955e-03    2.794288e-06 
Reforming stiffness matrix: reformation #15

===== reforming stiffness matrix:
	Nr of equations ........................... : 10124
	Nr of nonzeroes in stiffness matrix ....... : 321915
 15
 Nonlinear solution status: time= 0.1
	stiffness updates             = 0
	right hand side evaluations   = 27
	stiffness matrix reformations = 15
	step from line search         = 0.500000
	convergence norms :     INITIAL         CURRENT         REQUIRED
	   residual            3.937947e+08    7.448147e-01    0.000000e+00 
	   energy              2.431078e+03    5.305333e-06    2.431078e+01 
	   displacement        2.465313e+00    1.406586e-02    2.678483e-06 
Reforming stiffness matrix: reformation #16

===== reforming stiffness matrix:
	Nr of equations ........................... : 10124
	Nr of nonzeroes in stiffness matrix ....... : 322284
 16
 Nonlinear solution status: time= 0.1
	stiffness updates             = 0
	right hand side evaluations   = 28
	stiffness matrix reformations = 16
	step from line search         = 1.000000
	convergence norms :     INITIAL         CURRENT         REQUIRED
	   residual            3.937947e+08    4.142316e-10    0.000000e+00 
	   energy              2.431078e+03    1.216426e-10    2.431078e+01 
	   displacement        2.465313e+00    7.131942e-05    2.678032e-06 
Reforming stiffness matrix: reformation #17

===== reforming stiffness matrix:
	Nr of equations ........................... : 10124
	Nr of nonzeroes in stiffness matrix ....... : 322149
 17
 Nonlinear solution status: time= 0.1
	stiffness updates             = 0
	right hand side evaluations   = 30
	stiffness matrix reformations = 17
	step from line search         = 0.018134
	convergence norms :     INITIAL         CURRENT         REQUIRED
	   residual            3.937947e+08    5.578949e-09    0.000000e+00 
	   energy              2.431078e+03    1.179713e-10    2.431078e+01 
	   displacement        2.465313e+00    9.279217e-07    2.677199e-06 

convergence summary
    number of iterations   : 17
    number of reformations : 17

------- converged at time : 0.1


AUTO STEPPER: decreasing time step, dt = 0.0268133


===== beginning time step 3 : 0.126813 =====


Reforming stiffness matrix: reformation #1

===== reforming stiffness matrix:
	Nr of equations ........................... : 10124
	Nr of nonzeroes in stiffness matrix ....... : 322230
 1
 Nonlinear solution status: time= 0.126813
	stiffness updates             = 0
	right hand side evaluations   = 2
	stiffness matrix reformations = 1
	step from line search         = 1.000000
	convergence norms :     INITIAL         CURRENT         REQUIRED
	   residual            2.548423e+08    1.655063e-01    0.000000e+00 
	   energy              1.573203e+03    3.865873e-03    1.573203e+01 
	   displacement        1.624515e+00    1.624515e+00    1.624515e-06 
Reforming stiffness matrix: reformation #2

===== reforming stiffness matrix:
	Nr of equations ........................... : 10124
	Nr of nonzeroes in stiffness matrix ....... : 321726
 2
 Nonlinear solution status: time= 0.126813
	stiffness updates             = 0
	right hand side evaluations   = 3
	stiffness matrix reformations = 2
	step from line search         = 1.000000
	convergence norms :     INITIAL         CURRENT         REQUIRED
	   residual            2.548423e+08    2.221858e-08    0.000000e+00 
	   energy              1.573203e+03    1.772808e-07    1.573203e+01 
	   displacement        1.624515e+00    3.472020e-04    1.631322e-06 
Reforming stiffness matrix: reformation #3

===== reforming stiffness matrix:
	Nr of equations ........................... : 10124
	Nr of nonzeroes in stiffness matrix ....... : 321663
 3
 Nonlinear solution status: time= 0.126813
	stiffness updates             = 0
	right hand side evaluations   = 4
	stiffness matrix reformations = 3
	step from line search         = 1.000000
	convergence norms :     INITIAL         CURRENT         REQUIRED
	   residual            2.548423e+08    3.799955e-03    0.000000e+00 
	   energy              1.573203e+03    3.242113e-08    1.573203e+01 
	   displacement        1.624515e+00    1.064400e-03    1.627074e-06 
Reforming stiffness matrix: reformation #4

===== reforming stiffness matrix:
	Nr of equations ........................... : 10124
	Nr of nonzeroes in stiffness matrix ....... : 321735
 4
 Nonlinear solution status: time= 0.126813
	stiffness updates             = 0
	right hand side evaluations   = 5
	stiffness matrix reformations = 4
	step from line search         = 1.000000
	convergence norms :     INITIAL         CURRENT         REQUIRED
	   residual            2.548423e+08    5.905024e-08    0.000000e+00 
	   energy              1.573203e+03    1.712729e-08    1.573203e+01 
	   displacement        1.624515e+00    2.176330e-05    1.627180e-06 
Reforming stiffness matrix: reformation #5

===== reforming stiffness matrix:
	Nr of equations ........................... : 10124
	Nr of nonzeroes in stiffness matrix ....... : 321699
 5
 Nonlinear solution status: time= 0.126813
	stiffness updates             = 0
	right hand side evaluations   = 7
	stiffness matrix reformations = 5
	step from line search         = 0.618999
	convergence norms :     INITIAL         CURRENT         REQUIRED
	   residual            2.548423e+08    2.407968e-08    0.000000e+00 
	   energy              1.573203e+03    3.864086e-09    1.573203e+01 
	   displacement        1.624515e+00    6.300618e-06    1.627092e-06 
Reforming stiffness matrix: reformation #6

===== reforming stiffness matrix:
	Nr of equations ........................... : 10124
	Nr of nonzeroes in stiffness matrix ....... : 321699
 6
 Nonlinear solution status: time= 0.126813
	stiffness updates             = 0
	right hand side evaluations   = 13
	stiffness matrix reformations = 6
	step from line search         = 0.081066
	convergence norms :     INITIAL         CURRENT         REQUIRED
	   residual            2.548423e+08    2.042394e-08    0.000000e+00 
	   energy              1.573203e+03    3.240784e-10    1.573203e+01 
	   displacement        1.624515e+00    1.602146e-08    1.627086e-06 

convergence summary
    number of iterations   : 6
    number of reformations : 6

------- converged at time : 0.126813


AUTO STEPPER: increasing time step, dt = 0.0414507


===== beginning time step 4 : 0.168264 =====


Reforming stiffness matrix: reformation #1

===== reforming stiffness matrix:
	Nr of equations ........................... : 10124
	Nr of nonzeroes in stiffness matrix ....... : 321735
 1
 Nonlinear solution status: time= 0.168264
	stiffness updates             = 0
	right hand side evaluations   = 2
	stiffness matrix reformations = 1
	step from line search         = 1.000000
	convergence norms :     INITIAL         CURRENT         REQUIRED
	   residual            6.090241e+08    2.402348e-04    0.000000e+00 
	   energy              3.759657e+03    9.690427e-05    3.759657e+01 
	   displacement        3.895866e+00    3.895866e+00    3.895866e-06 
Reforming stiffness matrix: reformation #2

===== reforming stiffness matrix:
	Nr of equations ........................... : 10124
	Nr of nonzeroes in stiffness matrix ....... : 321789
 2

 *************************************************************************
 *                                ERROR                                  *
 * Negative jacobian was detected.                                       *
 *************************************************************************


------- failed to converge at time : 0.168264

Retrying time step. Retry attempt 1 of max 5


AUTO STEPPER: retry step, dt = 0.0345422


===== beginning time step 4 : 0.161356 =====


Reforming stiffness matrix: reformation #1

===== reforming stiffness matrix:
	Nr of equations ........................... : 10124
	Nr of nonzeroes in stiffness matrix ....... : 321735
 1
 Nonlinear solution status: time= 0.161356
	stiffness updates             = 0
	right hand side evaluations   = 2
	stiffness matrix reformations = 1
	step from line search         = 1.000000
	convergence norms :     INITIAL         CURRENT         REQUIRED
	   residual            4.229334e+08    1.552365e-04    0.000000e+00 
	   energy              2.610873e+03    8.808539e-05    2.610873e+01 
	   displacement        2.705486e+00    2.705486e+00    2.705486e-06 
Reforming stiffness matrix: reformation #2

===== reforming stiffness matrix:
	Nr of equations ........................... : 10124
	Nr of nonzeroes in stiffness matrix ....... : 321753
 2
 Nonlinear solution status: time= 0.161356
	stiffness updates             = 0
	right hand side evaluations   = 4
	stiffness matrix reformations = 2
	step from line search         = 0.032528
	convergence norms :     INITIAL         CURRENT         REQUIRED
	   residual            4.229334e+08    1.486362e-04    0.000000e+00 
	   energy              2.610873e+03    3.931203e-07    2.610873e+01 
	   displacement        2.705486e+00    5.906616e-05    2.704523e-06 
Reforming stiffness matrix: reformation #3

===== reforming stiffness matrix:
	Nr of equations ........................... : 10124
	Nr of nonzeroes in stiffness matrix ....... : 321807
 3
 Nonlinear solution status: time= 0.161356
	stiffness updates             = 0
	right hand side evaluations   = 6
	stiffness matrix reformations = 3
	step from line search         = 0.188204
	convergence norms :     INITIAL         CURRENT         REQUIRED
	   residual            4.229334e+08    9.198073e-04    0.000000e+00 
	   energy              2.610873e+03    1.395013e-06    2.610873e+01 
	   displacement        2.705486e+00    7.592879e-04    2.709116e-06 
Reforming stiffness matrix: reformation #4

===== reforming stiffness matrix:
	Nr of equations ........................... : 10124
	Nr of nonzeroes in stiffness matrix ....... : 321888
 4

 *************************************************************************
 *                                ERROR                                  *
 * Negative jacobian was detected.                                       *
 *************************************************************************


------- failed to converge at time : 0.161356

Retrying time step. Retry attempt 2 of max 5


AUTO STEPPER: retry step, dt = 0.0276338


===== beginning time step 4 : 0.154447 =====


Reforming stiffness matrix: reformation #1

===== reforming stiffness matrix:
	Nr of equations ........................... : 10124
	Nr of nonzeroes in stiffness matrix ....... : 321735
 1
 Nonlinear solution status: time= 0.154447
	stiffness updates             = 0
	right hand side evaluations   = 2
	stiffness matrix reformations = 1
	step from line search         = 1.000000
	convergence norms :     INITIAL         CURRENT         REQUIRED
	   residual            2.706774e+08    1.012635e-04    0.000000e+00 
	   energy              1.670959e+03    7.182735e-05    1.670959e+01 
	   displacement        1.731540e+00    1.731540e+00    1.731540e-06 
Reforming stiffness matrix: reformation #2

===== reforming stiffness matrix:
	Nr of equations ........................... : 10124
	Nr of nonzeroes in stiffness matrix ....... : 321753
 2
 Nonlinear solution status: time= 0.154447
	stiffness updates             = 0
	right hand side evaluations   = 3
	stiffness matrix reformations = 2
	step from line search         = 1.000000
	convergence norms :     INITIAL         CURRENT         REQUIRED
	   residual            2.706774e+08    2.456539e-05    0.000000e+00 
	   energy              1.670959e+03    2.418031e-06    1.670959e+01 
	   displacement        1.731540e+00    1.371593e-02    1.759535e-06 
Reforming stiffness matrix: reformation #3

===== reforming stiffness matrix:
	Nr of equations ........................... : 10124
	Nr of nonzeroes in stiffness matrix ....... : 321744
 3
 Nonlinear solution status: time= 0.154447
	stiffness updates             = 0
	right hand side evaluations   = 4
	stiffness matrix reformations = 3
	step from line search         = 1.000000
	convergence norms :     INITIAL         CURRENT         REQUIRED
	   residual            2.706774e+08    1.396269e-03    0.000000e+00 
	   energy              1.670959e+03    3.684888e-07    1.670959e+01 
	   displacement        1.731540e+00    1.837438e-02    1.733493e-06 
Reforming stiffness matrix: reformation #4

===== reforming stiffness matrix:
	Nr of equations ........................... : 10124
	Nr of nonzeroes in stiffness matrix ....... : 321834
 4
 Nonlinear solution status: time= 0.154447
	stiffness updates             = 0
	right hand side evaluations   = 5
	stiffness matrix reformations = 4
	step from line search         = 1.000000
	convergence norms :     INITIAL         CURRENT         REQUIRED
	   residual            2.706774e+08    1.719292e-03    0.000000e+00 
	   energy              1.670959e+03    2.402207e-07    1.670959e+01 
	   displacement        1.731540e+00    4.002131e-03    1.742778e-06 
Reforming stiffness matrix: reformation #5

===== reforming stiffness matrix:
	Nr of equations ........................... : 10124
	Nr of nonzeroes in stiffness matrix ....... : 321861
 5
 Nonlinear solution status: time= 0.154447
	stiffness updates             = 0
	right hand side evaluations   = 7
	stiffness matrix reformations = 5
	step from line search         = 0.421614
	convergence norms :     INITIAL         CURRENT         REQUIRED
	   residual            2.706774e+08    5.782727e-03    0.000000e+00 
	   energy              1.670959e+03    3.304564e-08    1.670959e+01 
	   displacement        1.731540e+00    2.141376e-03    1.736664e-06 
Reforming stiffness matrix: reformation #6

===== reforming stiffness matrix:
	Nr of equations ........................... : 10124
	Nr of nonzeroes in stiffness matrix ....... : 321654
 6
 Nonlinear solution status: time= 0.154447
	stiffness updates             = 0
	right hand side evaluations   = 9
	stiffness matrix reformations = 6
	step from line search         = 0.542219
	convergence norms :     INITIAL         CURRENT         REQUIRED
	   residual            2.706774e+08    1.261625e-03    0.000000e+00 
	   energy              1.670959e+03    2.018010e-08    1.670959e+01 
	   displacement        1.731540e+00    4.110053e-04    1.734879e-06 
Reforming stiffness matrix: reformation #7

===== reforming stiffness matrix:
	Nr of equations ........................... : 10124
	Nr of nonzeroes in stiffness matrix ....... : 321717
 7
 Nonlinear solution status: time= 0.154447
	stiffness updates             = 0
	right hand side evaluations   = 11
	stiffness matrix reformations = 7
	step from line search         = 0.500258
	convergence norms :     INITIAL         CURRENT         REQUIRED
	   residual            2.706774e+08    8.584702e-04    0.000000e+00 
	   energy              1.670959e+03    5.767274e-08    1.670959e+01 
	   displacement        1.731540e+00    1.060884e-03    1.739438e-06 
Reforming stiffness matrix: reformation #8

===== reforming stiffness matrix:
	Nr of equations ........................... : 10124
	Nr of nonzeroes in stiffness matrix ....... : 321825
 8
 Nonlinear solution status: time= 0.154447
	stiffness updates             = 0
	right hand side evaluations   = 13
	stiffness matrix reformations = 8
	step from line search         = 0.394634
	convergence norms :     INITIAL         CURRENT         REQUIRED
	   residual            2.706774e+08    2.016655e-03    0.000000e+00 
	   energy              1.670959e+03    1.302326e-09    1.670959e+01 
	   displacement        1.731540e+00    7.996660e-04    1.736142e-06 
Reforming stiffness matrix: reformation #9

===== reforming stiffness matrix:
	Nr of equations ........................... : 10124
	Nr of nonzeroes in stiffness matrix ....... : 321690
 9
 Nonlinear solution status: time= 0.154447
	stiffness updates             = 0
	right hand side evaluations   = 16
	stiffness matrix reformations = 9
	step from line search         = 0.311983
	convergence norms :     INITIAL         CURRENT         REQUIRED
	   residual            2.706774e+08    9.622310e-04    0.000000e+00 
	   energy              1.670959e+03    1.577725e-08    1.670959e+01 
	   displacement        1.731540e+00    1.361272e-04    1.734931e-06 
Reforming stiffness matrix: reformation #10

===== reforming stiffness matrix:
	Nr of equations ........................... : 10124
	Nr of nonzeroes in stiffness matrix ....... : 321717
 10
 Nonlinear solution status: time= 0.154447
	stiffness updates             = 0
	right hand side evaluations   = 19
	stiffness matrix reformations = 10
	step from line search         = 0.324947
	convergence norms :     INITIAL         CURRENT         REQUIRED
	   residual            2.706774e+08    6.834066e-04    0.000000e+00 
	   energy              1.670959e+03    2.058190e-08    1.670959e+01 
	   displacement        1.731540e+00    4.184760e-04    1.737498e-06 
Reforming stiffness matrix: reformation #11

===== reforming stiffness matrix:
	Nr of equations ........................... : 10124
	Nr of nonzeroes in stiffness matrix ....... : 321843
 11
 Nonlinear solution status: time= 0.154447
	stiffness updates             = 0
	right hand side evaluations   = 21
	stiffness matrix reformations = 11
	step from line search         = 0.172358
	convergence norms :     INITIAL         CURRENT         REQUIRED
	   residual            2.706774e+08    1.282917e-03    0.000000e+00 
	   energy              1.670959e+03    2.599079e-10    1.670959e+01 
	   displacement        1.731540e+00    2.787951e-04    1.738015e-06 
Reforming stiffness matrix: reformation #12

===== reforming stiffness matrix:
	Nr of equations ........................... : 10124
	Nr of nonzeroes in stiffness matrix ....... : 321870
 12
 Nonlinear solution status: time= 0.154447
	stiffness updates             = 0
	right hand side evaluations   = 24
	stiffness matrix reformations = 12
	step from line search         = 0.290657
	convergence norms :     INITIAL         CURRENT         REQUIRED
	   residual            2.706774e+08    1.042096e-03    0.000000e+00 
	   energy              1.670959e+03    1.738617e-08    1.670959e+01 
	   displacement        1.731540e+00    2.531199e-04    1.736123e-06 
Reforming stiffness matrix: reformation #13

===== reforming stiffness matrix:
	Nr of equations ........................... : 10124
	Nr of nonzeroes in stiffness matrix ....... : 321789
 13
 Nonlinear solution status: time= 0.154447
	stiffness updates             = 0
	right hand side evaluations   = 27
	stiffness matrix reformations = 13
	step from line search         = 0.217582
	convergence norms :     INITIAL         CURRENT         REQUIRED
	   residual            2.706774e+08    1.026177e-03    0.000000e+00 
	   energy              1.670959e+03    5.977766e-09    1.670959e+01 
	   displacement        1.731540e+00    1.581695e-04    1.737548e-06 
Reforming stiffness matrix: reformation #14

===== reforming stiffness matrix:
	Nr of equations ........................... : 10124
	Nr of nonzeroes in stiffness matrix ....... : 321789
 14
 Nonlinear solution status: time= 0.154447
	stiffness updates             = 0
	right hand side evaluations   = 31
	stiffness matrix reformations = 14
	step from line search         = 0.185248
	convergence norms :     INITIAL         CURRENT         REQUIRED
	   residual            2.706774e+08    6.869700e-04    0.000000e+00 
	   energy              1.670959e+03    3.956677e-09    1.670959e+01 
	   displacement        1.731540e+00    2.995191e-05    1.736863e-06 
Reforming stiffness matrix: reformation #15

===== reforming stiffness matrix:
	Nr of equations ........................... : 10124
	Nr of nonzeroes in stiffness matrix ....... : 321753
 15
 Nonlinear solution status: time= 0.154447
	stiffness updates             = 0
	right hand side evaluations   = 33
	stiffness matrix reformations = 15
	step from line search         = 0.075974
	convergence norms :     INITIAL         CURRENT         REQUIRED
	   residual            2.706774e+08    9.991707e-04    0.000000e+00 
	   energy              1.670959e+03    4.266162e-09    1.670959e+01 
	   displacement        1.731540e+00    1.348056e-04    1.738136e-06 
Reforming stiffness matrix: reformation #16

===== reforming stiffness matrix:
	Nr of equations ........................... : 10124
	Nr of nonzeroes in stiffness matrix ....... : 321897
 16
 Nonlinear solution status: time= 0.154447
	stiffness updates             = 0
	right hand side evaluations   = 36
	stiffness matrix reformations = 16
	step from line search         = 0.272491
	convergence norms :     INITIAL         CURRENT         REQUIRED
	   residual            2.706774e+08    9.030784e-04    0.000000e+00 
	   energy              1.670959e+03    1.158174e-08    1.670959e+01 
	   displacement        1.731540e+00    1.685136e-04    1.736962e-06 
Reforming stiffness matrix: reformation #17

===== reforming stiffness matrix:
	Nr of equations ........................... : 10124
	Nr of nonzeroes in stiffness matrix ....... : 321825
 17
 Nonlinear solution status: time= 0.154447
	stiffness updates             = 0
	right hand side evaluations   = 39
	stiffness matrix reformations = 17
	step from line search         = 0.187755
	convergence norms :     INITIAL         CURRENT         REQUIRED
	   residual            2.706774e+08    1.009904e-03    0.000000e+00 
	   energy              1.670959e+03    5.763759e-09    1.670959e+01 
	   displacement        1.731540e+00    1.543805e-04    1.738488e-06 
Reforming stiffness matrix: reformation #18

===== reforming stiffness matrix:
	Nr of equations ........................... : 10124
	Nr of nonzeroes in stiffness matrix ....... : 321825
 18
 Nonlinear solution status: time= 0.154447
	stiffness updates             = 0
	right hand side evaluations   = 43
	stiffness matrix reformations = 18
	step from line search         = 0.176578
	convergence norms :     INITIAL         CURRENT         REQUIRED
	   residual            2.706774e+08    6.909426e-04    0.000000e+00 
	   energy              1.670959e+03    3.298608e-09    1.670959e+01 
	   displacement        1.731540e+00    2.782272e-05    1.737807e-06 
Reforming stiffness matrix: reformation #19

===== reforming stiffness matrix:
	Nr of equations ........................... : 10124
	Nr of nonzeroes in stiffness matrix ....... : 321816
 19
 Nonlinear solution status: time= 0.154447
	stiffness updates             = 0
	right hand side evaluations   = 46
	stiffness matrix reformations = 19
	step from line search         = 0.104412
	convergence norms :     INITIAL         CURRENT         REQUIRED
	   residual            2.706774e+08    7.993153e-04    0.000000e+00 
	   energy              1.670959e+03    4.351968e-09    1.670959e+01 
	   displacement        1.731540e+00    9.039666e-05    1.739114e-06 
Reforming stiffness matrix: reformation #20

===== reforming stiffness matrix:
	Nr of equations ........................... : 10124
	Nr of nonzeroes in stiffness matrix ....... : 321852
 20
 Nonlinear solution status: time= 0.154447
	stiffness updates             = 0
	right hand side evaluations   = 50
	stiffness matrix reformations = 20
	step from line search         = 0.113353
	convergence norms :     INITIAL         CURRENT         REQUIRED
	   residual            2.706774e+08    7.491909e-04    0.000000e+00 
	   energy              1.670959e+03    4.358285e-09    1.670959e+01 
	   displacement        1.731540e+00    4.978889e-05    1.738244e-06 
Reforming stiffness matrix: reformation #21

===== reforming stiffness matrix:
	Nr of equations ........................... : 10124
	Nr of nonzeroes in stiffness matrix ....... : 321798
 21
 Nonlinear solution status: time= 0.154447
	stiffness updates             = 0
	right hand side evaluations   = 53
	stiffness matrix reformations = 21
	step from line search         = 0.078829
	convergence norms :     INITIAL         CURRENT         REQUIRED
	   residual            2.706774e+08    8.493456e-04    0.000000e+00 
	   energy              1.670959e+03    3.265012e-09    1.670959e+01 
	   displacement        1.731540e+00    7.176298e-05    1.739323e-06 
Reforming stiffness matrix: reformation #22

===== reforming stiffness matrix:
	Nr of equations ........................... : 10124
	Nr of nonzeroes in stiffness matrix ....... : 321852
 22
 Nonlinear solution status: time= 0.154447
	stiffness updates             = 0
	right hand side evaluations   = 58
	stiffness matrix reformations = 22
	step from line search         = 0.086916
	convergence norms :     INITIAL         CURRENT         REQUIRED
	   residual            2.706774e+08    7.525521e-04    0.000000e+00 
	   energy              1.670959e+03    1.502057e-09    1.670959e+01 
	   displacement        1.731540e+00    1.881926e-05    1.738758e-06 
Reforming stiffness matrix: reformation #23

===== reforming stiffness matrix:
	Nr of equations ........................... : 10124
	Nr of nonzeroes in stiffness matrix ....... : 321852
 23
 Nonlinear solution status: time= 0.154447
	stiffness updates             = 0
	right hand side evaluations   = 62
	stiffness matrix reformations = 23
	step from line search         = 0.134345
	convergence norms :     INITIAL         CURRENT         REQUIRED
	   residual            2.706774e+08    6.284529e-04    0.000000e+00 
	   energy              1.670959e+03    2.042383e-09    1.670959e+01 
	   displacement        1.731540e+00    2.709813e-05    1.739594e-06 
Reforming stiffness matrix: reformation #24

===== reforming stiffness matrix:
	Nr of equations ........................... : 10124
	Nr of nonzeroes in stiffness matrix ....... : 321888
 24
 Nonlinear solution status: time= 0.154447
	stiffness updates             = 0
	right hand side evaluations   = 66
	stiffness matrix reformations = 24
	step from line search         = 0.078253
	convergence norms :     INITIAL         CURRENT         REQUIRED
	   residual            2.706774e+08    6.167110e-04    0.000000e+00 
	   energy              1.670959e+03    2.256491e-09    1.670959e+01 
	   displacement        1.731540e+00    3.720016e-05    1.738714e-06 
Reforming stiffness matrix: reformation #25

===== reforming stiffness matrix:
	Nr of equations ........................... : 10124
	Nr of nonzeroes in stiffness matrix ....... : 321834
 25
 Nonlinear solution status: time= 0.154447
	stiffness updates             = 0
	right hand side evaluations   = 69
	stiffness matrix reformations = 25
	step from line search         = 0.040627
	convergence norms :     INITIAL         CURRENT         REQUIRED
	   residual            2.706774e+08    6.675282e-04    0.000000e+00 
	   energy              1.670959e+03    9.267104e-10    1.670959e+01 
	   displacement        1.731540e+00    3.585799e-05    1.739485e-06 
Reforming stiffness matrix: reformation #26

===== reforming stiffness matrix:
	Nr of equations ........................... : 10124
	Nr of nonzeroes in stiffness matrix ....... : 321861
 26
 Nonlinear solution status: time= 0.154447
	stiffness updates             = 0
	right hand side evaluations   = 73
	stiffness matrix reformations = 26
	step from line search         = 0.120951
	convergence norms :     INITIAL         CURRENT         REQUIRED
	   residual            2.706774e+08    5.370044e-04    0.000000e+00 
	   energy              1.670959e+03    2.187604e-09    1.670959e+01 
	   displacement        1.731540e+00    1.432913e-05    1.738924e-06 
Reforming stiffness matrix: reformation #27

===== reforming stiffness matrix:
	Nr of equations ........................... : 10124
	Nr of nonzeroes in stiffness matrix ....... : 321816
 27
 Nonlinear solution status: time= 0.154447
	stiffness updates             = 0
	right hand side evaluations   = 75
	stiffness matrix reformations = 27
	step from line search         = 0.023973
	convergence norms :     INITIAL         CURRENT         REQUIRED
	   residual            2.706774e+08    6.345542e-04    0.000000e+00 
	   energy              1.670959e+03    1.082343e-09    1.670959e+01 
	   displacement        1.731540e+00    4.539132e-05    1.739835e-06 
Reforming stiffness matrix: reformation #28

===== reforming stiffness matrix:
	Nr of equations ........................... : 10124
	Nr of nonzeroes in stiffness matrix ....... : 321924
 28
 Nonlinear solution status: time= 0.154447
	stiffness updates             = 0
	right hand side evaluations   = 79
	stiffness matrix reformations = 28
	step from line search         = 0.050762
	convergence norms :     INITIAL         CURRENT         REQUIRED
	   residual            2.706774e+08    6.649776e-04    0.000000e+00 
	   energy              1.670959e+03    2.404639e-09    1.670959e+01 
	   displacement        1.731540e+00    3.718675e-05    1.739260e-06 
Reforming stiffness matrix: reformation #29

===== reforming stiffness matrix:
	Nr of equations ........................... : 10124
	Nr of nonzeroes in stiffness matrix ....... : 321825
 29
 Nonlinear solution status: time= 0.154447
	stiffness updates             = 0
	right hand side evaluations   = 83
	stiffness matrix reformations = 29
	step from line search         = 0.044660
	convergence norms :     INITIAL         CURRENT         REQUIRED
	   residual            2.706774e+08    6.570240e-04    0.000000e+00 
	   energy              1.670959e+03    5.481792e-10    1.670959e+01 
	   displacement        1.731540e+00    1.822473e-05    1.739698e-06 
Reforming stiffness matrix: reformation #30

===== reforming stiffness matrix:
	Nr of equations ........................... : 10124
	Nr of nonzeroes in stiffness matrix ....... : 321906
 30
 Nonlinear solution status: time= 0.154447
	stiffness updates             = 0
	right hand side evaluations   = 87
	stiffness matrix reformations = 30
	step from line search         = 0.192792
	convergence norms :     INITIAL         CURRENT         REQUIRED
	   residual            2.706774e+08    4.326717e-04    0.000000e+00 
	   energy              1.670959e+03    3.218180e-09    1.670959e+01 
	   displacement        1.731540e+00    1.575049e-05    1.739943e-06 
Reforming stiffness matrix: reformation #31

===== reforming stiffness matrix:
	Nr of equations ........................... : 10124
	Nr of nonzeroes in stiffness matrix ....... : 321825
 31
 Nonlinear solution status: time= 0.154447
	stiffness updates             = 0
	right hand side evaluations   = 90
	stiffness matrix reformations = 31
	step from line search         = 0.500000
	convergence norms :     INITIAL         CURRENT         REQUIRED
	   residual            2.706774e+08    9.207563e+00    0.000000e+00 
	   energy              1.670959e+03    6.541919e-05    1.670959e+01 
	   displacement        1.731540e+00    5.263706e-02    1.762095e-06 
Reforming stiffness matrix: reformation #32

===== reforming stiffness matrix:
	Nr of equations ........................... : 10124
	Nr of nonzeroes in stiffness matrix ....... : 320925
 32
 Nonlinear solution status: time= 0.154447
	stiffness updates             = 0
	right hand side evaluations   = 91
	stiffness matrix reformations = 32
	step from line search         = 1.000000
	convergence norms :     INITIAL         CURRENT         REQUIRED
	   residual            2.706774e+08    5.486315e-07    0.000000e+00 
	   energy              1.670959e+03    8.574662e-07    1.670959e+01 
	   displacement        1.731540e+00    1.968566e-02    1.776011e-06 
Reforming stiffness matrix: reformation #33

===== reforming stiffness matrix:
	Nr of equations ........................... : 10124
	Nr of nonzeroes in stiffness matrix ....... : 321762
 33
 Nonlinear solution status: time= 0.154447
	stiffness updates             = 0
	right hand side evaluations   = 93
	stiffness matrix reformations = 33
	step from line search         = 0.530158
	convergence norms :     INITIAL         CURRENT         REQUIRED
	   residual            2.706774e+08    7.597920e-03    0.000000e+00 
	   energy              1.670959e+03    6.582206e-09    1.670959e+01 
	   displacement        1.731540e+00    4.896758e-03    1.752457e-06 
Reforming stiffness matrix: reformation #34

===== reforming stiffness matrix:
	Nr of equations ........................... : 10124
	Nr of nonzeroes in stiffness matrix ....... : 321861
 34
 Nonlinear solution status: time= 0.154447
	stiffness updates             = 0
	right hand side evaluations   = 94
	stiffness matrix reformations = 34
	step from line search         = 1.000000
	convergence norms :     INITIAL         CURRENT         REQUIRED
	   residual            2.706774e+08    3.056206e-04    0.000000e+00 
	   energy              1.670959e+03    3.879441e-08    1.670959e+01 
	   displacement        1.731540e+00    1.666079e-03    1.754238e-06 
Reforming stiffness matrix: reformation #35

===== reforming stiffness matrix:
	Nr of equations ........................... : 10124
	Nr of nonzeroes in stiffness matrix ....... : 321627
 35
 Nonlinear solution status: time= 0.154447
	stiffness updates             = 0
	right hand side evaluations   = 98
	stiffness matrix reformations = 35
	step from line search         = 0.064562
	convergence norms :     INITIAL         CURRENT         REQUIRED
	   residual            2.706774e+08    7.728767e-04    0.000000e+00 
	   energy              1.670959e+03    4.751708e-09    1.670959e+01 
	   displacement        1.731540e+00    1.933391e-04    1.757646e-06 
Reforming stiffness matrix: reformation #36

===== reforming stiffness matrix:
	Nr of equations ........................... : 10124
	Nr of nonzeroes in stiffness matrix ....... : 321258
 36
 Nonlinear solution status: time= 0.154447
	stiffness updates             = 0
	right hand side evaluations   = 100
	stiffness matrix reformations = 36
	step from line search         = 0.338291
	convergence norms :     INITIAL         CURRENT         REQUIRED
	   residual            2.706774e+08    2.641491e-03    0.000000e+00 
	   energy              1.670959e+03    1.532996e-08    1.670959e+01 
	   displacement        1.731540e+00    1.019161e-03    1.750019e-06 
Reforming stiffness matrix: reformation #37

===== reforming stiffness matrix:
	Nr of equations ........................... : 10124
	Nr of nonzeroes in stiffness matrix ....... : 321762
 37
 Nonlinear solution status: time= 0.154447
	stiffness updates             = 0
	right hand side evaluations   = 103
	stiffness matrix reformations = 37
	step from line search         = 0.320180
	convergence norms :     INITIAL         CURRENT         REQUIRED
	   residual            2.706774e+08    1.644465e-03    0.000000e+00 
	   energy              1.670959e+03    1.136373e-09    1.670959e+01 
	   displacement        1.731540e+00    1.897746e-04    1.748241e-06 
Reforming stiffness matrix: reformation #38

===== reforming stiffness matrix:
	Nr of equations ........................... : 10124
	Nr of nonzeroes in stiffness matrix ....... : 321825
 38
 Nonlinear solution status: time= 0.154447
	stiffness updates             = 0
	right hand side evaluations   = 106
	stiffness matrix reformations = 38
	step from line search         = 0.305020
	convergence norms :     INITIAL         CURRENT         REQUIRED
	   residual            2.706774e+08    8.334589e-04    0.000000e+00 
	   energy              1.670959e+03    4.479397e-09    1.670959e+01 
	   displacement        1.731540e+00    3.689075e-05    1.748414e-06 
Reforming stiffness matrix: reformation #39

===== reforming stiffness matrix:
	Nr of equations ........................... : 10124
	Nr of nonzeroes in stiffness matrix ....... : 321771
 39
 Nonlinear solution status: time= 0.154447
	stiffness updates             = 0
	right hand side evaluations   = 110
	stiffness matrix reformations = 39
	step from line search         = 0.142723
	convergence norms :     INITIAL         CURRENT         REQUIRED
	   residual            2.706774e+08    7.477155e-04    0.000000e+00 
	   energy              1.670959e+03    8.447036e-09    1.670959e+01 
	   displacement        1.731540e+00    7.960772e-05    1.747720e-06 
Reforming stiffness matrix: reformation #40

===== reforming stiffness matrix:
	Nr of equations ........................... : 10124
	Nr of nonzeroes in stiffness matrix ....... : 321915
 40
 Nonlinear solution status: time= 0.154447
	stiffness updates             = 0
	right hand side evaluations   = 112
	stiffness matrix reformations = 40
	step from line search         = 0.154972
	convergence norms :     INITIAL         CURRENT         REQUIRED
	   residual            2.706774e+08    1.670301e-03    0.000000e+00 
	   energy              1.670959e+03    1.517260e-08    1.670959e+01 
	   displacement        1.731540e+00    3.527419e-04    1.751022e-06 
Reforming stiffness matrix: reformation #41


 *************************************************************************
 *                                ERROR                                  *
 * Max nr of reformations reached.                                       *
 *************************************************************************


------- failed to converge at time : 0.154447

Retrying time step. Retry attempt 3 of max 5


AUTO STEPPER: retry step, dt = 0.0207253


===== beginning time step 4 : 0.147539 =====


Reforming stiffness matrix: reformation #1

===== reforming stiffness matrix:
	Nr of equations ........................... : 10124
	Nr of nonzeroes in stiffness matrix ....... : 321735
 1
 Nonlinear solution status: time= 0.147539
	stiffness updates             = 0
	right hand side evaluations   = 2
	stiffness matrix reformations = 1
	step from line search         = 1.000000
	convergence norms :     INITIAL         CURRENT         REQUIRED
	   residual            1.522560e+08    6.819623e-05    0.000000e+00 
	   energy              9.399143e+02    5.204588e-05    9.399143e+00 
	   displacement        9.740269e-01    9.740269e-01    9.740269e-07 
Reforming stiffness matrix: reformation #2

===== reforming stiffness matrix:
	Nr of equations ........................... : 10124
	Nr of nonzeroes in stiffness matrix ....... : 321807
 2
 Nonlinear solution status: time= 0.147539
	stiffness updates             = 0
	right hand side evaluations   = 3
	stiffness matrix reformations = 2
	step from line search         = 1.000000
	convergence norms :     INITIAL         CURRENT         REQUIRED
	   residual            1.522560e+08    3.998287e-07    0.000000e+00 
	   energy              9.399143e+02    5.362004e-08    9.399143e+00 
	   displacement        9.740269e-01    3.414245e-04    9.771195e-07 
Reforming stiffness matrix: reformation #3

===== reforming stiffness matrix:
	Nr of equations ........................... : 10124
	Nr of nonzeroes in stiffness matrix ....... : 321735
 3
 Nonlinear solution status: time= 0.147539
	stiffness updates             = 0
	right hand side evaluations   = 5
	stiffness matrix reformations = 3
	step from line search         = 0.529781
	convergence norms :     INITIAL         CURRENT         REQUIRED
	   residual            1.522560e+08    1.216902e-07    0.000000e+00 
	   energy              9.399143e+02    5.110922e-09    9.399143e+00 
	   displacement        9.740269e-01    3.506445e-04    9.753849e-07 
Reforming stiffness matrix: reformation #4

===== reforming stiffness matrix:
	Nr of equations ........................... : 10124
	Nr of nonzeroes in stiffness matrix ....... : 321771
 4
 Nonlinear solution status: time= 0.147539
	stiffness updates             = 0
	right hand side evaluations   = 8
	stiffness matrix reformations = 4
	step from line search         = 0.325988
	convergence norms :     INITIAL         CURRENT         REQUIRED
	   residual            1.522560e+08    3.497979e-07    0.000000e+00 
	   energy              9.399143e+02    1.077345e-09    9.399143e+00 
	   displacement        9.740269e-01    6.080124e-06    9.754179e-07 
Reforming stiffness matrix: reformation #5

===== reforming stiffness matrix:
	Nr of equations ........................... : 10124
	Nr of nonzeroes in stiffness matrix ....... : 321798
 5
 Nonlinear solution status: time= 0.147539
	stiffness updates             = 0
	right hand side evaluations   = 11
	stiffness matrix reformations = 5
	step from line search         = 0.363141
	convergence norms :     INITIAL         CURRENT         REQUIRED
	   residual            1.522560e+08    1.652661e-07    0.000000e+00 
	   energy              9.399143e+02    5.407794e-09    9.399143e+00 
	   displacement        9.740269e-01    4.900122e-05    9.759742e-07 
Reforming stiffness matrix: reformation #6

===== reforming stiffness matrix:
	Nr of equations ........................... : 10124
	Nr of nonzeroes in stiffness matrix ....... : 321807
 6
 Nonlinear solution status: time= 0.147539
	stiffness updates             = 0
	right hand side evaluations   = 13
	stiffness matrix reformations = 6
	step from line search         = 0.448265
	convergence norms :     INITIAL         CURRENT         REQUIRED
	   residual            1.522560e+08    8.179501e-08    0.000000e+00 
	   energy              9.399143e+02    6.550364e-10    9.399143e+00 
	   displacement        9.740269e-01    3.067871e-05    9.755262e-07 
Reforming stiffness matrix: reformation #7

===== reforming stiffness matrix:
	Nr of equations ........................... : 10124
	Nr of nonzeroes in stiffness matrix ....... : 321798
 7
 Nonlinear solution status: time= 0.147539
	stiffness updates             = 0
	right hand side evaluations   = 15
	stiffness matrix reformations = 7
	step from line search         = 0.447864
	convergence norms :     INITIAL         CURRENT         REQUIRED
	   residual            1.522560e+08    4.763721e-08    0.000000e+00 
	   energy              9.399143e+02    1.256659e-09    9.399143e+00 
	   displacement        9.740269e-01    2.615823e-06    9.754308e-07 
Reforming stiffness matrix: reformation #8

===== reforming stiffness matrix:
	Nr of equations ........................... : 10124
	Nr of nonzeroes in stiffness matrix ....... : 321798
 8
 Nonlinear solution status: time= 0.147539
	stiffness updates             = 0
	right hand side evaluations   = 18
	stiffness matrix reformations = 8
	step from line search         = 0.342175
	convergence norms :     INITIAL         CURRENT         REQUIRED
	   residual            1.522560e+08    2.367494e-08    0.000000e+00 
	   energy              9.399143e+02    5.027750e-09    9.399143e+00 
	   displacement        9.740269e-01    4.152713e-05    9.759502e-07 
Reforming stiffness matrix: reformation #9

===== reforming stiffness matrix:
	Nr of equations ........................... : 10124
	Nr of nonzeroes in stiffness matrix ....... : 321807
 9
 Nonlinear solution status: time= 0.147539
	stiffness updates             = 0
	right hand side evaluations   = 20
	stiffness matrix reformations = 9
	step from line search         = 0.443388
	convergence norms :     INITIAL         CURRENT         REQUIRED
	   residual            1.522560e+08    1.198152e-06    0.000000e+00 
	   energy              9.399143e+02    1.624721e-09    9.399143e+00 
	   displacement        9.740269e-01    4.475830e-05    9.754604e-07 
Reforming stiffness matrix: reformation #10

===== reforming stiffness matrix:
	Nr of equations ........................... : 10124
	Nr of nonzeroes in stiffness matrix ....... : 321771
 10
 Nonlinear solution status: time= 0.147539
	stiffness updates             = 0
	right hand side evaluations   = 26
	stiffness matrix reformations = 10
	step from line search         = 0.069459
	convergence norms :     INITIAL         CURRENT         REQUIRED
	   residual            1.522560e+08    1.038783e-06    0.000000e+00 
	   energy              9.399143e+02    1.907923e-10    9.399143e+00 
	   displacement        9.740269e-01    2.844549e-08    9.754521e-07 

convergence summary
    number of iterations   : 10
    number of reformations : 10

------- converged at time : 0.147539


AUTO STEPPER: increasing time step, dt = 0.0245946


===== beginning time step 5 : 0.172133 =====


Reforming stiffness matrix: reformation #1

===== reforming stiffness matrix:
	Nr of equations ........................... : 10124
	Nr of nonzeroes in stiffness matrix ....... : 321771

 *************************************************************************
 *                                ERROR                                  *
 * Exception detected: std::exception                                    *
 *                                                                       *
 *************************************************************************


 N O N L I N E A R   I T E R A T I O N   I N F O R M A T I O N

	Number of time steps completed .................... : 4

	Total number of equilibrium iterations ............ : 44

	Average number of equilibrium iterations .......... : 11

	Total number of right hand evaluations ............ : 87

	Total number of stiffness reformations ............ : 44


 L I N E A R   S O L V E R   S T A T S

	Total calls to linear solver ........ : 104

	Avg iterations per solve ............ : 1

	Time in linear solver: 0:00:07


 Elapsed time : 0:00:15

 T I M I N G   I N F O R M A T I O N

	Input time ...................... : 0:00:00 (0.0148291 sec)

	Initialization time ............. : 0:00:00 (0.0206295 sec)

	Solve time ...................... : 0:00:15 (15.164 sec)

	   IO-time (plot, dmp, data) .... : 0:00:00 (0.0108289 sec)

	   reforming stiffness .......... : 0:00:01 (0.810154 sec)

	   evaluating stiffness ......... : 0:00:04 (4.31716 sec)

	   evaluating residual .......... : 0:00:00 (0.216076 sec)

	   model update ................. : 0:00:00 (0.415366 sec)

	   QN updates ................... : 0:00:00 (1.947e-05 sec)

	   time in linear solver ........ : 0:00:07 (7.44374 sec)

	Total elapsed time .............. : 0:00:15 (15.1994 sec)


 E R R O R   T E R M I N A T I O N

